[2026-01-04 15:03:03,619] 13 root - INFO - Data Ingestion Started
[2026-01-04 15:05:41,714] 46 root - INFO - MongoDB connection closed
[2026-01-04 15:05:42,018] 68 root - INFO - Performed train test split on the dataframe
[2026-01-04 15:05:42,018] 73 root - INFO - Exporting train and test file path.
[2026-01-04 15:05:42,285] 20 root - INFO - Data Ingestion completed and artifact:
[2026-01-04 15:05:42,285] 24 root - INFO - Data Validation Started
[2026-01-04 15:05:42,469] 35 root - INFO - Required number of columns: 33
[2026-01-04 15:05:42,469] 36 root - INFO - Dataframe has columns: 33
[2026-01-04 15:05:42,486] 105 root - WARNING - Missing value report: {'Churn Reason': 0.7346467873624423}
[2026-01-04 15:05:42,514] 115 root - WARNING - Duplicate rows found: 4514
[2026-01-04 15:05:42,514] 35 root - INFO - Required number of columns: 33
[2026-01-04 15:05:42,514] 36 root - INFO - Dataframe has columns: 33
[2026-01-04 15:05:42,522] 105 root - WARNING - Missing value report: {'Churn Reason': 0.7345635202271115}
[2026-01-04 15:05:42,534] 115 root - WARNING - Duplicate rows found: 289
[2026-01-04 15:05:42,570] 31 root - INFO - YAML file successfully written at: Artifacts\01_04_2026_15_02_59\data_validation\drift_report\report.yaml
[2026-01-04 15:05:42,801] 28 root - INFO - Data Validation completed and artifact:
[2026-01-04 15:05:42,801] 32 root - INFO - Data Transformation Started
[2026-01-04 15:05:42,801] 71 root - INFO - Starting data transformation
[2026-01-04 15:05:42,965] 39 root - INFO - Creating preprocessing object
[2026-01-04 15:05:43,270] 125 root - INFO - Class distribution BEFORE SMOTE:
Churn Value
0    8278
1    2990
Name: count, dtype: int64
[2026-01-04 15:05:45,186] 131 root - INFO - Class distribution AFTER SMOTE:
Churn Value
0    8278
1    8278
Name: count, dtype: int64
[2026-01-04 15:05:45,193] 55 root - INFO - Entered the save_object method to save the preprocessed object
[2026-01-04 15:05:45,200] 60 root - INFO - saved the preprocessed object as pickle file
[2026-01-04 15:05:45,200] 55 root - INFO - Entered the save_object method to save the preprocessed object
[2026-01-04 15:05:45,202] 60 root - INFO - saved the preprocessed object as pickle file
[2026-01-04 15:05:45,206] 36 root - INFO - Data Transformation completed and artifact:
[2026-01-04 15:05:45,206] 40 root - INFO - Model Training started
[2026-01-04 15:05:45,206] 26 root - INFO - >>>>>>>>>>>>>>>>>>>>>>>>>>>>>>>>>>>>>>>> Model Trainer <<<<<<<<<<<<<<<<<<<<<<<<<<<<<<<<<<<<<<<<
[2026-01-04 15:05:45,206] 117 root - INFO - Loading transformed training dataset
[2026-01-04 15:05:45,246] 125 root - INFO - Splitting training and testing input and target feature
[2026-01-04 15:05:45,246] 129 root - INFO - Initiating model training
[2026-01-04 15:06:10,926] 55 root - INFO - Model tracked in MLflow
[2026-01-04 15:06:10,961] 55 root - INFO - Entered the save_object method to save the preprocessed object
[2026-01-04 15:06:11,044] 60 root - INFO - saved the preprocessed object as pickle file
[2026-01-04 15:06:11,046] 55 root - INFO - Entered the save_object method to save the preprocessed object
[2026-01-04 15:06:11,146] 60 root - INFO - saved the preprocessed object as pickle file
[2026-01-04 15:06:11,148] 110 root - INFO - Model Trainer Artifact: ModelTrainerArtifact(trained_model_file_path='Artifacts\\01_04_2026_15_02_59\\model_trainer\\trained_model\\model.pkl', test_metric_artifact=ClassificationMetricArtifact(f1_score=0.9081081081081082, precision_score=0.9180327868852459, recall_score=0.8983957219251337, accuracy_score=0.9517388218594748, y_true=array([1., 0., 1., ..., 0., 0., 1.], shape=(2818,)), y_pred=array([1., 0., 1., ..., 0., 0., 1.], shape=(2818,))), best_model_name='RandomForest', best_model_score=0.9081081081081082)
[2026-01-04 15:06:11,148] 44 root - INFO - Model Training completed
